<?xml version="1.0" encoding="UTF-8"?>
<testng-results skipped="0" failed="0" ignored="0" total="1" passed="1">
  <reporter-output>
  </reporter-output>
  <suite name="Suite" duration-ms="5985" started-at="2018-08-02T10:35:54Z" finished-at="2018-08-02T10:36:00Z">
    <groups>
    </groups>
    <test name="Test" duration-ms="5985" started-at="2018-08-02T10:35:54Z" finished-at="2018-08-02T10:36:00Z">
      <class name="com.report.email.BasicJava">
        <test-method status="PASS" signature="verifyGoogleTitle()[pri:0, instance:com.report.email.BasicJava@587d1d39]" name="verifyGoogleTitle" duration-ms="5937" started-at="2018-08-02T16:05:54Z" finished-at="2018-08-02T16:06:00Z">
          <reporter-output>
          </reporter-output>
        </test-method> <!-- verifyGoogleTitle -->
      </class> <!-- com.report.email.BasicJava -->
    </test> <!-- Test -->
  </suite> <!-- Suite -->
</testng-results>
