<?xml version="1.0" encoding="UTF-8"?>
<testng-results skipped="0" failed="0" ignored="0" total="5" passed="5">
  <reporter-output>
  </reporter-output>
  <suite name="Default suite" duration-ms="8487" started-at="2018-06-25T11:16:45Z" finished-at="2018-06-25T11:16:54Z">
    <groups>
    </groups>
    <test name="Default test" duration-ms="8487" started-at="2018-06-25T11:16:45Z" finished-at="2018-06-25T11:16:54Z">
      <class name="testng.TestNgDemo">
        <test-method status="PASS" signature="search_click1()[pri:-1, instance:testng.TestNgDemo@1b604f19]" name="search_click1" duration-ms="12" started-at="2018-06-25T11:16:45Z" finished-at="2018-06-25T11:16:45Z">
          <reporter-output>
          </reporter-output>
        </test-method> <!-- search_click1 -->
        <test-method status="PASS" signature="search_click2()[pri:0, instance:testng.TestNgDemo@1b604f19]" name="search_click2" duration-ms="3" started-at="2018-06-25T11:16:45Z" finished-at="2018-06-25T11:16:45Z">
          <reporter-output>
          </reporter-output>
        </test-method> <!-- search_click2 -->
        <test-method status="PASS" signature="search_click3()[pri:0, instance:testng.TestNgDemo@1b604f19]" name="search_click3" duration-ms="8" started-at="2018-06-25T11:16:45Z" finished-at="2018-06-25T11:16:45Z">
          <reporter-output>
          </reporter-output>
        </test-method> <!-- search_click3 -->
        <test-method status="PASS" signature="search_content()[pri:1, instance:testng.TestNgDemo@1b604f19]" name="search_content" duration-ms="8310" started-at="2018-06-25T11:16:45Z" finished-at="2018-06-25T11:16:54Z">
          <reporter-output>
          </reporter-output>
        </test-method> <!-- search_content -->
        <test-method status="PASS" signature="search_click()[pri:2, instance:testng.TestNgDemo@1b604f19]" name="search_click" duration-ms="91" started-at="2018-06-25T11:16:54Z" finished-at="2018-06-25T11:16:54Z">
          <reporter-output>
          </reporter-output>
        </test-method> <!-- search_click -->
      </class> <!-- testng.TestNgDemo -->
    </test> <!-- Default test -->
  </suite> <!-- Default suite -->
</testng-results>
