<?xml version="1.0" encoding="UTF-8"?>
<testng-results skipped="0" failed="0" ignored="0" total="1" passed="1">
  <reporter-output>
  </reporter-output>
  <suite name="Default suite" duration-ms="14390" started-at="2018-08-01T10:02:11Z" finished-at="2018-08-01T10:02:25Z">
    <groups>
    </groups>
    <test name="Default test" duration-ms="14390" started-at="2018-08-01T10:02:11Z" finished-at="2018-08-01T10:02:25Z">
      <class name="configuration.TestConfig">
        <test-method status="PASS" signature="login()[pri:0, instance:configuration.TestConfig@28d25987]" name="login" duration-ms="14352" started-at="2018-08-01T10:02:11Z" finished-at="2018-08-01T10:02:25Z">
          <reporter-output>
          </reporter-output>
        </test-method> <!-- login -->
      </class> <!-- configuration.TestConfig -->
    </test> <!-- Default test -->
  </suite> <!-- Default suite -->
</testng-results>
